Using pre-set license

 COMMAND LINE ARGUMENTS:
/Applications/Unity/Hub/Editor/2020.3.11f1/Unity.app/Contents/MacOS/Unity
-adb2
-batchMode
-noUpm
-name
AssetImportWorker0
-projectPath
/Volumes/Akash/Projects/XperienceBooks
-logFile
Logs/AssetImportWorker0.log
-srvPort
53621
Successfully changed project path to: /Volumes/Akash/Projects/XperienceBooks
/Volumes/Akash/Projects/XperienceBooks
Using Asset Import Pipeline V2.
Refreshing native plugins compatible for Editor in 104.20 ms, found 6 plugins.
Preloading 0 native plugins for Editor in 0.00 ms.
Initialize engine version: 2020.3.11f1 (99c7afb366b3)
[Subsystems] Discovering subsystems at path /Applications/Unity/Hub/Editor/2020.3.11f1/Unity.app/Contents/Resources/UnitySubsystems
[Subsystems] Discovering subsystems at path /Volumes/Akash/Projects/XperienceBooks/Assets
GfxDevice: creating device client; threaded=0
2022-03-08 10:37:31.727 Unity[10974:177868] Color LCD preferred device: Intel Iris Pro Graphics (low power)
2022-03-08 10:37:31.727 Unity[10974:177868] Metal devices available: 1
2022-03-08 10:37:31.727 Unity[10974:177868] 0: Intel Iris Pro Graphics (low power)
2022-03-08 10:37:31.728 Unity[10974:177868] Using device Intel Iris Pro Graphics (low power)
Initializing Metal device caps: Intel Iris Pro Graphics
Initialize mono
Mono path[0] = '/Applications/Unity/Hub/Editor/2020.3.11f1/Unity.app/Contents/Managed'
Mono path[1] = '/Applications/Unity/Hub/Editor/2020.3.11f1/Unity.app/Contents/MonoBleedingEdge/lib/mono/unityjit'
Mono config path = '/Applications/Unity/Hub/Editor/2020.3.11f1/Unity.app/Contents/MonoBleedingEdge/etc'
Using monoOptions --debugger-agent=transport=dt_socket,embedding=1,server=y,suspend=n,address=127.0.0.1:56974
Begin MonoManager ReloadAssembly
Registering precompiled unity dll's ...
Register platform support module: /Applications/Unity/Hub/Editor/2020.3.11f1/PlaybackEngines/WebGLSupport/UnityEditor.WebGL.Extensions.dll
Register platform support module: /Applications/Unity/Hub/Editor/2020.3.11f1/Unity.app/Contents/PlaybackEngines/MacStandaloneSupport/UnityEditor.OSXStandalone.Extensions.dll
Registered in 0.000854 seconds.
Native extension for OSXStandalone target not found
Native extension for WebGL target not found
Refreshing native plugins compatible for Editor in 79.86 ms, found 6 plugins.
Preloading 0 native plugins for Editor in 0.00 ms.
Mono: successfully reloaded assembly
- Completed reload, in  3.431 seconds
Platform modules already initialized, skipping
Registering precompiled user dll's ...
Registered in 0.008700 seconds.
Begin MonoManager ReloadAssembly
Native extension for OSXStandalone target not found
Native extension for WebGL target not found
Refreshing native plugins compatible for Editor in 79.96 ms, found 6 plugins.
Preloading 0 native plugins for Editor in 0.00 ms.
WARNING: RGBA Compressed PVRTC 4BPP UNorm format is not supported, decompressing texture
WARNING: RGBA Compressed PVRTC 4BPP UNorm format is not supported, decompressing texture
WARNING: RGBA Compressed PVRTC 4BPP UNorm format is not supported, decompressing texture
WARNING: RGB Compressed PVRTC 4BPP UNorm format is not supported, decompressing texture
WARNING: RGB Compressed PVRTC 4BPP UNorm format is not supported, decompressing texture
WARNING: RGBA Compressed PVRTC 4BPP UNorm format is not supported, decompressing texture
WARNING: RGB Compressed PVRTC 4BPP UNorm format is not supported, decompressing texture
WARNING: RGBA Compressed PVRTC 4BPP UNorm format is not supported, decompressing texture
Mono: successfully reloaded assembly
- Completed reload, in  1.621 seconds
Platform modules already initialized, skipping
========================================================================
Worker process is ready to serve import requests
Launching external process: /Applications/Unity/Hub/Editor/2020.3.11f1/Unity.app/Contents/Tools/UnityShaderCompiler
Launched and connected shader compiler UnityShaderCompiler after 0.01 seconds
Refreshing native plugins compatible for Editor in 1.79 ms, found 6 plugins.
Preloading 0 native plugins for Editor in 0.00 ms.
Unloading 2393 Unused Serialized files (Serialized files now loaded: 0)
System memory in use before: 225.3 MB.
System memory in use after: 224.9 MB.

Unloading 272 unused Assets to reduce memory usage. Loaded Objects now: 2650.
Total: 3.904387 ms (FindLiveObjects: 0.376793 ms CreateObjectMapping: 0.108488 ms MarkObjects: 2.263081 ms  DeleteObjects: 1.154792 ms)

========================================================================
Received Import Request.
  path: Assets/_XperienceBooks/Resources/Properties.asset
  artifactKey: Guid(d419d50ecd3004a958f4fb942f8de841) Importer(815301076,1909f56bfc062723c751e8b465ee728b)
Start importing Assets/_XperienceBooks/Resources/Properties.asset using Guid(d419d50ecd3004a958f4fb942f8de841) Importer(815301076,1909f56bfc062723c751e8b465ee728b)  -> (artifact id: '9282e402be3b4e66d1cd10088d83d181') in 1.288057 seconds
  Import took 1.292753 seconds .

========================================================================
Received Prepare
Refreshing native plugins compatible for Editor in 20.25 ms, found 6 plugins.
Preloading 0 native plugins for Editor in 0.00 ms.
Unloading 136 Unused Serialized files (Serialized files now loaded: 0)
System memory in use before: 178.5 MB.
System memory in use after: 178.7 MB.

Unloading 135 unused Assets to reduce memory usage. Loaded Objects now: 2650.
Total: 4.434611 ms (FindLiveObjects: 0.525320 ms CreateObjectMapping: 0.282523 ms MarkObjects: 3.532008 ms  DeleteObjects: 0.092121 ms)

========================================================================
Received Prepare
Registering precompiled user dll's ...
Registered in 0.008265 seconds.
Begin MonoManager ReloadAssembly
Native extension for OSXStandalone target not found
Native extension for WebGL target not found
Refreshing native plugins compatible for Editor in 1.72 ms, found 6 plugins.
Preloading 0 native plugins for Editor in 0.00 ms.
Mono: successfully reloaded assembly
- Completed reload, in  1.723 seconds
Platform modules already initialized, skipping
Switching build target platform(2) subTarget(0) extendedPlatform(0) -> platform(13) subTarget(589824) extendedPlatform(0)
Refreshing native plugins compatible for Editor in 1.66 ms, found 6 plugins.
Preloading 0 native plugins for Editor in 0.00 ms.
Unloading 2368 Unused Serialized files (Serialized files now loaded: 0)
System memory in use before: 222.2 MB.
System memory in use after: 222.0 MB.

Unloading 317 unused Assets to reduce memory usage. Loaded Objects now: 2654.
Total: 6.488713 ms (FindLiveObjects: 0.720577 ms CreateObjectMapping: 0.343183 ms MarkObjects: 4.952560 ms  DeleteObjects: 0.469839 ms)

AssetImportParameters requested are different than current active one (requested -> active):
  custom:graphics/normal-map-encoding: 01000000000000000000000000000000 -> 02000000000000000000000000000000
========================================================================
Received Prepare
Refreshing native plugins compatible for Editor in 21.52 ms, found 6 plugins.
Preloading 0 native plugins for Editor in 0.00 ms.
Unloading 136 Unused Serialized files (Serialized files now loaded: 0)
System memory in use before: 177.3 MB.
System memory in use after: 177.5 MB.

Unloading 135 unused Assets to reduce memory usage. Loaded Objects now: 2654.
Total: 3.401018 ms (FindLiveObjects: 0.397726 ms CreateObjectMapping: 0.108819 ms MarkObjects: 2.826070 ms  DeleteObjects: 0.067625 ms)

========================================================================
Received Prepare
Refreshing native plugins compatible for Editor in 18.80 ms, found 6 plugins.
Preloading 0 native plugins for Editor in 0.00 ms.
Unloading 136 Unused Serialized files (Serialized files now loaded: 0)
System memory in use before: 177.4 MB.
System memory in use after: 177.6 MB.

Unloading 135 unused Assets to reduce memory usage. Loaded Objects now: 2654.
Total: 3.274549 ms (FindLiveObjects: 0.342525 ms CreateObjectMapping: 0.100888 ms MarkObjects: 2.749359 ms  DeleteObjects: 0.080942 ms)

========================================================================
Received Import Request.
  Time since last request: 639.917488 seconds.
  path: Assets/_XperienceBooks/02_UI/Logos/AppLogo.png
  artifactKey: Guid(091a5669b51584bb7868a560a71cb69c) Importer(815301076,1909f56bfc062723c751e8b465ee728b)
Start importing Assets/_XperienceBooks/02_UI/Logos/AppLogo.png using Guid(091a5669b51584bb7868a560a71cb69c) Importer(815301076,1909f56bfc062723c751e8b465ee728b)  -> (artifact id: '832a2d581de8fa2982173a1535c3cd4c') in 1.318140 seconds
  Import took 1.323622 seconds .

========================================================================
Received Prepare
Refreshing native plugins compatible for Editor in 20.23 ms, found 6 plugins.
Preloading 0 native plugins for Editor in 0.00 ms.
Unloading 136 Unused Serialized files (Serialized files now loaded: 0)
System memory in use before: 180.7 MB.
System memory in use after: 180.9 MB.

Unloading 134 unused Assets to reduce memory usage. Loaded Objects now: 2661.
Total: 3.668330 ms (FindLiveObjects: 0.271502 ms CreateObjectMapping: 0.113961 ms MarkObjects: 3.241427 ms  DeleteObjects: 0.040473 ms)

